<?xml version="1.0" encoding="UTF-8"?>
<!-- Generated by org.testng.reporters.JUnitReportReporter -->
<testsuite hostname="aitslpt-Kumud" failures="0" tests="3" name="services.ListUsers" time="3.420" errors="0" timestamp="2020-06-21T22:47:47 NPT" skipped="0">
  <testcase classname="services.ListUsers" name="testListUserWithValidPageNumber" time="2.865"/>
  <system-out/>
  <testcase classname="services.ListUsers" name="testListUserWithInvalidPageNumber" time="0.291"/>
  <system-out/>
  <testcase classname="services.ListUsers" name="testListUserPageNumberAsInvalidInteger" time="0.264"/>
  <system-out/>
</testsuite> <!-- services.ListUsers -->
