<?xml version="1.0" encoding="UTF-8"?>
<!-- Generated by org.testng.reporters.JUnitReportReporter -->
<testsuite hostname="aitslpt-Kumud" failures="0" tests="1" name="services.ListUser2" time="0.064" errors="0" timestamp="2020-06-18T23:44:08 NPT" skipped="0">
  <testcase classname="services.ListUser2" name="testListUserWithValidPageNumber" time="0.064"/>
  <system-out/>
</testsuite> <!-- services.ListUser2 -->
