<?xml version="1.0" encoding="UTF-8"?>
<!-- Generated by org.testng.reporters.JUnitReportReporter -->
<testsuite hostname="aitslpt-Kumud" failures="0" tests="4" name="runner.RunTest" time="4.773" errors="0" timestamp="2020-06-18T23:44:02 NPT" skipped="0">
  <testcase classname="runner.RunTest" name="runScenario" time="0.431"/>
  <system-out/>
  <testcase classname="runner.RunTest" name="runScenario" time="0.229"/>
  <system-out/>
  <testcase classname="runner.RunTest" name="runScenario" time="0.429"/>
  <system-out/>
  <testcase classname="runner.RunTest" name="runScenario" time="3.684"/>
  <system-out/>
</testsuite> <!-- runner.RunTest -->
