<?xml version="1.0" encoding="UTF-8"?>
<!-- Generated by org.testng.reporters.JUnitReportReporter -->
<testsuite hostname="aitslpt-Kumud" failures="0" tests="4" name="runner.RunTest" time="7.632" errors="0" timestamp="2020-09-30T13:34:14 NPT" skipped="0">
  <testcase classname="runner.RunTest" name="runScenario" time="4.159"/>
  <system-out/>
  <testcase classname="runner.RunTest" name="runScenario" time="0.919"/>
  <system-out/>
  <testcase classname="runner.RunTest" name="runScenario" time="1.238"/>
  <system-out/>
  <testcase classname="runner.RunTest" name="runScenario" time="1.316"/>
  <system-out/>
</testsuite> <!-- runner.RunTest -->
