<?xml version="1.0" encoding="UTF-8"?>
<!-- Generated by org.testng.reporters.JUnitReportReporter -->
<testsuite hostname="aitslpt-Kumud" failures="0" tests="3" name="services.ListUsers" time="5.335" errors="0" timestamp="2020-09-30T13:34:25 NPT" skipped="0">
  <testcase classname="services.ListUsers" name="testListUserWithValidPageNumber" time="3.406"/>
  <system-out/>
  <testcase classname="services.ListUsers" name="testListUserWithInvalidPageNumber" time="1.288"/>
  <system-out/>
  <testcase classname="services.ListUsers" name="testListUserPageNumberAsInvalidInteger" time="0.641"/>
  <system-out/>
</testsuite> <!-- services.ListUsers -->
